<?xml version="1.0" encoding="UTF-8"?>
<!-- Generated by org.testng.reporters.JUnitReportReporter -->
<testsuite skipped="0" hostname="IN-HVMWTN2-10" name="lbstestcases.CreateLISubscription" tests="1" failures="0" timestamp="04 Feb 2019 12:49:04 GMT" time="60.348" errors="0">
  <testcase name="CreateLIFreeSubscription" time="60.348" classname="lbstestcases.CreateLISubscription"/>
</testsuite> <!-- lbstestcases.CreateLISubscription -->
