<?xml version="1.0" encoding="UTF-8"?>
<!-- Generated by org.testng.reporters.JUnitReportReporter -->
<testsuite skipped="0" hostname="IN-HVMWTN2-10" name="lbstestcases.VerifyLogin" tests="3" failures="0" timestamp="04 Feb 2019 13:10:35 GMT" time="45.502" errors="0">
  <testcase name="VerifyValidLogin" time="39.946" classname="lbstestcases.VerifyLogin"/>
  <testcase name="ExecuteOAuthAPI" time="3.464" classname="lbstestcases.VerifyLogin"/>
  <testcase name="ExecuteGeoSearchAPI" time="2.092" classname="lbstestcases.VerifyLogin"/>
</testsuite> <!-- lbstestcases.VerifyLogin -->
